[20-May-2021 02:54:38 UTC] Inicio
[20-May-2021 02:54:38 UTC] Inicio conexion
[20-May-2021 02:54:39 UTC] Inicio
[20-May-2021 02:54:39 UTC] Inicio conexion
[20-May-2021 02:54:57 UTC] Inicio
[20-May-2021 02:54:57 UTC] Inicio conexion
[20-May-2021 02:55:12 UTC] Inicio
[20-May-2021 02:55:12 UTC] PHP Notice:  Undefined variable: db_conexio in C:\laragon\www\CRUD_php_SQL_Bootstrap\sql\conexion.php on line 9
[20-May-2021 02:55:12 UTC] Inicio conexion
[20-May-2021 02:55:29 UTC] Inicio
[20-May-2021 02:55:29 UTC] Inicio conexion
[20-May-2021 04:11:43 UTC] Inicio
[20-May-2021 04:11:43 UTC] Inicio conexion
[20-May-2021 04:55:17 UTC] Inicio
[20-May-2021 04:55:17 UTC] index
[20-May-2021 04:55:18 UTC] Inicio
[20-May-2021 04:55:18 UTC] index
[20-May-2021 05:39:34 UTC] Inicio
[20-May-2021 05:39:34 UTC] index
[20-May-2021 05:39:39 UTC] Inicio
[20-May-2021 05:39:39 UTC] index
[20-May-2021 05:39:43 UTC] Inicio
[20-May-2021 05:39:43 UTC] index
[20-May-2021 05:43:06 UTC] Inicio
[20-May-2021 05:43:06 UTC] index
[20-May-2021 05:45:27 UTC] Inicio
[20-May-2021 05:45:27 UTC] index
[20-May-2021 05:47:20 UTC] Inicio
[20-May-2021 05:47:20 UTC] index
[20-May-2021 05:47:59 UTC] Inicio
[20-May-2021 05:47:59 UTC] index
[20-May-2021 05:52:41 UTC] Inicio
[20-May-2021 05:52:41 UTC] index
[20-May-2021 05:53:23 UTC] Inicio
[20-May-2021 05:53:23 UTC] index
[20-May-2021 05:59:57 UTC] Inicio
[20-May-2021 05:59:57 UTC] index
[20-May-2021 06:00:38 UTC] Inicio
[20-May-2021 06:00:38 UTC] index
[20-May-2021 06:00:39 UTC] Inicio
[20-May-2021 06:00:39 UTC] Guardado
[20-May-2021 06:01:34 UTC] Inicio
[20-May-2021 06:01:34 UTC] index
[20-May-2021 06:01:36 UTC] Inicio
[20-May-2021 06:01:36 UTC] Guardado
[20-May-2021 06:01:36 UTC] Inicio
[20-May-2021 06:01:36 UTC] index
[20-May-2021 06:02:53 UTC] -------------------------NUEVO---------------------------
[20-May-2021 06:02:53 UTC] index
[20-May-2021 06:02:53 UTC] -------------------------NUEVO---------------------------
[20-May-2021 06:02:53 UTC] Guardado
[20-May-2021 06:02:53 UTC] -------------------------NUEVO---------------------------
[20-May-2021 06:02:53 UTC] index
[20-May-2021 06:03:16 UTC] -------------------------NUEVO---------------------------
[20-May-2021 06:03:16 UTC] index
[20-May-2021 06:03:16 UTC] -------------------------NUEVO---------------------------
[20-May-2021 06:03:16 UTC] index
[20-May-2021 06:03:18 UTC] -------------------------NUEVO---------------------------
[20-May-2021 06:03:18 UTC] Guardado
[20-May-2021 06:03:18 UTC] -------------------------NUEVO---------------------------
[20-May-2021 06:03:18 UTC] index
[20-May-2021 06:06:31 UTC] -------------------------NUEVO---------------------------
[20-May-2021 06:06:31 UTC] index
[20-May-2021 06:06:43 UTC] -------------------------NUEVO---------------------------
[20-May-2021 06:06:43 UTC] Guardadotitulotexto
[20-May-2021 06:06:43 UTC] -------------------------NUEVO---------------------------
[20-May-2021 06:06:43 UTC] index
[20-May-2021 06:08:11 UTC] -------------------------NUEVO---------------------------
[20-May-2021 06:08:11 UTC] Guardado Hacer algo para mañana!!
[20-May-2021 06:08:11 UTC] -------------------------NUEVO---------------------------
[20-May-2021 06:08:11 UTC] index
[20-May-2021 06:09:01 UTC] -------------------------NUEVO---------------------------
[20-May-2021 06:09:01 UTC] Guardado  
[20-May-2021 06:09:01 UTC] -------------------------NUEVO---------------------------
[20-May-2021 06:09:01 UTC] index
[20-May-2021 06:10:06 UTC] -------------------------NUEVO---------------------------
[20-May-2021 06:10:06 UTC] Guardado  
[20-May-2021 06:10:06 UTC] -------------------------NUEVO---------------------------
[20-May-2021 06:10:06 UTC] index
[20-May-2021 06:10:17 UTC] -------------------------NUEVO---------------------------
[20-May-2021 06:10:17 UTC] Guardado  
[20-May-2021 06:10:17 UTC] -------------------------NUEVO---------------------------
[20-May-2021 06:10:17 UTC] index
[20-May-2021 06:11:37 UTC] -------------------------NUEVO---------------------------
[20-May-2021 06:11:37 UTC] index
[20-May-2021 06:11:40 UTC] -------------------------NUEVO---------------------------
[20-May-2021 06:11:40 UTC] index
[20-May-2021 06:11:43 UTC] -------------------------NUEVO---------------------------
[20-May-2021 06:11:43 UTC] Guardado  
[20-May-2021 06:11:43 UTC] -------------------------NUEVO---------------------------
[20-May-2021 06:11:43 UTC] index
[20-May-2021 06:12:18 UTC] -------------------------NUEVO---------------------------
[20-May-2021 06:12:18 UTC] index
[20-May-2021 06:12:20 UTC] -------------------------NUEVO---------------------------
[20-May-2021 06:12:20 UTC] No guardo nada, estaba vacio
[20-May-2021 06:12:20 UTC] -------------------------NUEVO---------------------------
[20-May-2021 06:12:20 UTC] index
[20-May-2021 06:13:07 UTC] -------------------------NUEVO---------------------------
[20-May-2021 06:13:07 UTC] index
[20-May-2021 06:13:09 UTC] -------------------------NUEVO---------------------------
[20-May-2021 06:13:09 UTC] Guardado  
[20-May-2021 06:13:09 UTC] -------------------------NUEVO---------------------------
[20-May-2021 06:13:09 UTC] index
[20-May-2021 06:14:28 UTC] -------------------------NUEVO---------------------------
[20-May-2021 06:14:28 UTC] index
[20-May-2021 06:14:30 UTC] -------------------------NUEVO---------------------------
[20-May-2021 06:14:30 UTC] No guardo nada, estaba vacio
[20-May-2021 06:14:30 UTC] -------------------------NUEVO---------------------------
[20-May-2021 06:14:30 UTC] index
[20-May-2021 06:14:37 UTC] -------------------------NUEVO---------------------------
[20-May-2021 06:14:37 UTC] No guardo nada, estaba vacio
[20-May-2021 06:14:37 UTC] -------------------------NUEVO---------------------------
[20-May-2021 06:14:37 UTC] index
[20-May-2021 06:15:38 UTC] -------------------------NUEVO---------------------------
[20-May-2021 06:15:38 UTC] index
[20-May-2021 06:15:40 UTC] -------------------------NUEVO---------------------------
[20-May-2021 06:15:40 UTC] No guardo nada, estaba vacio
[20-May-2021 06:15:40 UTC] -------------------------NUEVO---------------------------
[20-May-2021 06:15:40 UTC] index
[20-May-2021 06:15:45 UTC] -------------------------NUEVO---------------------------
[20-May-2021 06:15:45 UTC] No guardo nada, estaba vacio
[20-May-2021 06:15:45 UTC] -------------------------NUEVO---------------------------
[20-May-2021 06:15:45 UTC] index
[20-May-2021 06:23:36 UTC] -------------------------NUEVO---------------------------
[20-May-2021 06:23:36 UTC] index
[20-May-2021 06:23:38 UTC] -------------------------NUEVO---------------------------
[20-May-2021 06:23:38 UTC] Titulo estaba vacio
[20-May-2021 06:23:38 UTC] Texto estaba vacio
[20-May-2021 06:23:38 UTC] -------------------------NUEVO---------------------------
[20-May-2021 06:23:38 UTC] index
[20-May-2021 06:24:38 UTC] -------------------------NUEVO---------------------------
[20-May-2021 06:24:38 UTC] Guardado titulo
[20-May-2021 06:24:38 UTC] Texto estaba vacio
[20-May-2021 06:24:38 UTC] -------------------------NUEVO---------------------------
[20-May-2021 06:24:38 UTC] index
[20-May-2021 06:25:03 UTC] -------------------------NUEVO---------------------------
[20-May-2021 06:25:03 UTC] index
[20-May-2021 06:25:07 UTC] -------------------------NUEVO---------------------------
[20-May-2021 06:25:07 UTC] Titulo estaba vacio
[20-May-2021 06:25:07 UTC] Guardado texto
[20-May-2021 06:25:07 UTC] -------------------------NUEVO---------------------------
[20-May-2021 06:25:07 UTC] index
[20-May-2021 06:25:16 UTC] -------------------------NUEVO---------------------------
[20-May-2021 06:25:16 UTC] Guardado titulo
[20-May-2021 06:25:16 UTC] Guardado texto
[20-May-2021 06:25:16 UTC] Guardado exitoso dfgsdfgsdf dfgsdfgsdfgsd
[20-May-2021 06:25:16 UTC] -------------------------NUEVO---------------------------
[20-May-2021 06:25:16 UTC] index
[20-May-2021 06:29:06 UTC] -------------------------NUEVO---------------------------
[20-May-2021 06:29:06 UTC] index
[20-May-2021 06:29:08 UTC] -------------------------NUEVO---------------------------
[20-May-2021 06:29:08 UTC] Titulo y Texto estaban vacios
[20-May-2021 06:29:08 UTC] -------------------------NUEVO---------------------------
[20-May-2021 06:29:09 UTC] index
[20-May-2021 06:31:04 UTC] -------------------------NUEVO---------------------------
[20-May-2021 06:31:04 UTC] index
[20-May-2021 06:31:06 UTC] -------------------------NUEVO---------------------------
[20-May-2021 06:31:06 UTC] Titulo y Texto estaban vacios
[20-May-2021 06:31:06 UTC] -------------------------NUEVO---------------------------
[20-May-2021 06:31:06 UTC] index
[20-May-2021 06:31:10 UTC] -------------------------NUEVO---------------------------
[20-May-2021 06:31:10 UTC] Titulo y Texto Guardados
[20-May-2021 06:31:10 UTC] Guardado exitoso sdfgsdf 
[20-May-2021 06:31:10 UTC] -------------------------NUEVO---------------------------
[20-May-2021 06:31:10 UTC] index
[20-May-2021 06:38:23 UTC] -------------------------NUEVO---------------------------
[20-May-2021 06:38:23 UTC] index
[20-May-2021 06:38:25 UTC] -------------------------NUEVO---------------------------
[20-May-2021 06:38:25 UTC] Titulo y Texto estaban vacios
[20-May-2021 06:38:25 UTC] -------------------------NUEVO---------------------------
[20-May-2021 06:38:25 UTC] index
[20-May-2021 06:38:46 UTC] -------------------------NUEVO---------------------------
[20-May-2021 06:38:46 UTC] Titulo GUARDADO
[20-May-2021 06:38:46 UTC] Text no GUARDADO
[20-May-2021 06:38:46 UTC] No guardo nada, estaba vacio
[20-May-2021 06:38:46 UTC] -------------------------NUEVO---------------------------
[20-May-2021 06:38:46 UTC] index
[20-May-2021 06:38:54 UTC] -------------------------NUEVO---------------------------
[20-May-2021 06:38:54 UTC] Titulo no GUARDADO
[20-May-2021 06:38:54 UTC] Texto GUARDADO
[20-May-2021 06:38:54 UTC] No guardo nada, estaba vacio
[20-May-2021 06:38:54 UTC] -------------------------NUEVO---------------------------
[20-May-2021 06:38:54 UTC] index
[20-May-2021 06:39:03 UTC] -------------------------NUEVO---------------------------
[20-May-2021 06:39:03 UTC] Titulo GUARDADO
[20-May-2021 06:39:03 UTC] Texto GUARDADO
[20-May-2021 06:39:03 UTC] Guardado exitoso fghdfgh gfhdfgbdfg
[20-May-2021 06:39:03 UTC] -------------------------NUEVO---------------------------
[20-May-2021 06:39:03 UTC] index
